<?xml version="1.0" encoding="UTF-8"?>
<!-- Generated by org.testng.reporters.JUnitReportReporter -->
<testsuite skipped="0" hostname="DESKTOP-4CUQ89R" name="tests.AnnotactionOrec" tests="2" failures="0" timestamp="22 Apr 2018 15:49:38 GMT" time="0.010" errors="0">
  <testcase name="myTest" time="0.008" classname="tests.AnnotactionOrec"/>
  <testcase name="myTest2" time="0.002" classname="tests.AnnotactionOrec"/>
</testsuite> <!-- tests.AnnotactionOrec -->
