<?xml version="1.0" encoding="UTF-8"?>
<!-- Generated by org.testng.reporters.JUnitReportReporter -->
<testsuite skipped="0" hostname="DESKTOP-4CUQ89R" name="tests.ClassWork" tests="1" failures="0" timestamp="15 Apr 2018 16:17:50 GMT" time="0.005" errors="0">
  <testcase name="testingFirstName" time="0.005" classname="tests.ClassWork"/>
</testsuite> <!-- tests.ClassWork -->
